[2026-02-08T13:29:25.705Z] START updateUserProfile for userId: 13
[2026-02-08T13:29:25.708Z] Data received: {"name":"Stacy Kelly","email":"xabivuzu@mailinator.com","phone":"+1 (364) 558-4806","birth_date":"2012-09-28","city":"Dolore odit deserunt","address":"Cupiditate id disti","skill":"Sit ut dolorem deser","skills":"[\"Occaecat occaecat ei\"]","experience":"5plus","education":"diploma","languages":"[\"Voluptas nihil tempo\"]","description":"UPDATED VIA SCRIPT at 2026-02-08T13:01:21.044Z","certifications":"[\"Cupidatat modi enim\"]"}
[2026-02-08T13:29:26.067Z] User found: josephinecharisma@gmail.com, type: perusahaan
[2026-02-08T13:29:26.067Z] Processing as PERUSAHAAN
[2026-02-08T13:29:26.067Z] perusahaan
[2026-02-08T13:29:26.067Z] josephinecharisma@gmail.com
[2026-02-08T13:29:26.067Z] Stacy Kelly
[2026-02-08T13:29:26.067Z] 13
[2026-02-08T13:29:26.495Z] Updating company 5...
[2026-02-08T13:29:26.562Z] Company updated.
[2026-02-08T13:29:26.562Z] END updateUserProfile SUCCESS
[2026-02-08T13:32:29.953Z] START updateUserProfile for userId: 13
[2026-02-08T13:32:29.953Z] Data received: {"name":"Stacy Kelly","email":"xabivuzu@mailinator.com","phone":"+1 (364) 558-4806","birth_date":"2012-09-28","city":"Dolore odit deserunt","address":"Cupiditate id disti","skill":"Sit ut dolorem deser","skills":"[\"Occaecat occaecat ei\"]","experience":"5plus","education":"diploma","languages":"[\"Voluptas nihil tempo\"]","description":"UPDATED VIA SCRIPT at 2026-02-08T13:01:21.044Z","certifications":"[\"Cupidatat modi enim123\"]"}
[2026-02-08T13:32:30.037Z] User found: josephinecharisma@gmail.com, type: perusahaan
[2026-02-08T13:32:30.037Z] Processing as PERUSAHAAN
[2026-02-08T13:32:30.037Z] perusahaan
[2026-02-08T13:32:30.037Z] josephinecharisma@gmail.com
[2026-02-08T13:32:30.037Z] Stacy Kelly
[2026-02-08T13:32:30.037Z] 13
[2026-02-08T13:32:30.175Z] Updating company 5...
[2026-02-08T13:32:30.267Z] Company updated.
[2026-02-08T13:32:30.267Z] END updateUserProfile SUCCESS
[2026-02-08T13:34:17.859Z] START updateUserProfile for userId: 13
[2026-02-08T13:34:17.859Z] Data received: {"name":"Stacy Kelly","email":"xabivuzu@mailinator.com","phone":"+1 (364) 558-4806","birth_date":"2012-09-28","city":"Dolore odit deserunt","address":"Cupiditate id disti","skill":"Sit ut dolorem deser","skills":"[\"Occaecat occaecat ei\"]","experience":"5plus","education":"diploma","languages":"[\"Voluptas nihil tempo2\"]","description":"UPDATED VIA SCRIPT at 2026-02-08T13:01:21.044Z","certifications":"[\"Cupidatat modi enim\"]"}
[2026-02-08T13:34:17.931Z] User found: josephinecharisma@gmail.com, type: perusahaan
[2026-02-08T13:34:17.931Z] Processing as PERUSAHAAN
[2026-02-08T13:34:17.931Z] perusahaan
[2026-02-08T13:34:17.931Z] josephinecharisma@gmail.com
[2026-02-08T13:34:17.931Z] Stacy Kelly
[2026-02-08T13:34:17.931Z] 13
[2026-02-08T13:34:18.063Z] Updating company 5...
[2026-02-08T13:34:18.135Z] Company updated.
[2026-02-08T13:34:18.135Z] END updateUserProfile SUCCESS
[2026-02-08T13:51:18.089Z] START updateUserProfile for userId: 25
[2026-02-08T13:51:18.090Z] Data received: {"name":"Stacy Kelly","email":"xabivuzu@mailinator.com","phone":"+1 (364) 558-4806","birth_date":"2012-09-28","city":"Dolore odit deserunt","address":"Cupiditate id disti","skill":"Sit ut dolorem deser","skills":"[\"Occaecat occaecat ei 123\"]","experience":"5plus","education":"diploma","languages":"[\"Voluptas nihil tempo\"]","description":"UPDATED VIA SCRIPT at 2026-02-08T13:01:21.044Z","certifications":"[\"Cupidatat modi enim\"]"}
[2026-02-08T13:51:18.421Z] User found: xabivuzu@mailinator.com, type: pegawai
[2026-02-08T13:51:18.421Z] Processing as PEGAWAI
[2026-02-08T13:51:18.521Z] Updated main user table
[2026-02-08T13:51:18.849Z] Worker found: 13
[2026-02-08T13:51:18.849Z] Updating worker 13...
[2026-02-08T13:51:18.934Z] Worker updated.
[2026-02-08T13:51:18.934Z] END updateUserProfile SUCCESS
[2026-02-08T13:51:49.484Z] START updateUserProfile for userId: 25
[2026-02-08T13:51:49.484Z] Data received: {"name":"Stacy Kelly 2","email":"xabivuzu@mailinator.com","phone":"+1 (364) 558-4806","birth_date":"2012-09-28","city":"Dolore odit deserunt","address":"Cupiditate id disti","skill":"Sit ut dolorem deser","skills":"[\"Occaecat occaecat ei 123\"]","experience":"5plus","education":"diploma","languages":"[\"Voluptas nihil tempo\"]","description":"UPDATED VIA SCRIPT at 2026-02-08T13:01:21.044Z","certifications":"[\"Cupidatat modi enim\"]"}
[2026-02-08T13:51:49.846Z] User found: xabivuzu@mailinator.com, type: pegawai
[2026-02-08T13:51:49.846Z] Processing as PEGAWAI
[2026-02-08T13:51:49.925Z] Updated main user table
[2026-02-08T13:51:50.288Z] Worker found: 13
[2026-02-08T13:51:50.288Z] Updating worker 13...
[2026-02-08T13:51:50.378Z] Worker updated.
[2026-02-08T13:51:50.378Z] END updateUserProfile SUCCESS
[2026-02-08T13:51:57.944Z] START updateUserProfile for userId: 25
[2026-02-08T13:51:57.945Z] Data received: {"name":"Stacy Kelly 2","email":"xabivuzu@mailinator.com","phone":"+1 (364) 558-4806","birth_date":"2012-09-28","city":"Dolore odit deserunt","address":"Cupiditate id disti","skill":"Sit ut dolorem deser","skills":"[\"Occaecat occaecat ei 123\"]","experience":"5plus","education":"sarjana","languages":"[\"Voluptas nihil tempo\"]","description":"UPDATED VIA SCRIPT at 2026-02-08T13:01:21.044Z","certifications":"[\"Cupidatat modi enim\"]"}
[2026-02-08T13:51:58.017Z] User found: xabivuzu@mailinator.com, type: pegawai
[2026-02-08T13:51:58.018Z] Processing as PEGAWAI
[2026-02-08T13:51:58.101Z] Updated main user table
[2026-02-08T13:51:58.178Z] Worker found: 13
[2026-02-08T13:51:58.178Z] Updating worker 13...
[2026-02-08T13:51:58.270Z] Worker updated.
[2026-02-08T13:51:58.270Z] END updateUserProfile SUCCESS
[2026-02-08T13:53:54.279Z] START updateUserProfile for userId: 26
[2026-02-08T13:53:54.280Z] Data received: {"name":"Maggie Pruitt","email":"kydyvug@mailinator.com","phone":"+1 (739) 302-1792","website":"https://www.mocopety.org","address":"Earum fuga Alias ut","city":"Atque illo sit aut b","business_registration_number":"319","industrial_sector":"retail","number_of_employees":"500plus","description":"Aut a magna praesent","hr_name":"Cedric Levy","hr_position":"Omnis id voluptas re2","hr_phone":"+1 (523) 282-9992","hr_email":"huga@mailinator.com"}
[2026-02-08T13:53:54.341Z] User found: kydyvug@mailinator.com, type: perusahaan
[2026-02-08T13:53:54.341Z] Processing as PERUSAHAAN
[2026-02-08T13:53:54.342Z] perusahaan
[2026-02-08T13:53:54.342Z] kydyvug@mailinator.com
[2026-02-08T13:53:54.342Z] Maggie Pruitt
[2026-02-08T13:53:54.342Z] 26
[2026-02-08T13:53:54.477Z] Updating company 10...
[2026-02-08T13:53:54.549Z] Company updated.
[2026-02-08T13:53:54.549Z] END updateUserProfile SUCCESS
